Build started 2018/10/24 15:00:43.
     1>Project "C:\01_OpenGL\vs2013_project\Project2\Project2\Project2.vcxproj" on node 2 (Rebuild target(s)).
     1>ClCompile:
         C:\Program Files (x86)\Microsoft Visual Studio 12.0\VC\bin\CL.exe /c /Zi /nologo /W3 /WX- /sdl /O2 /Oi /Oy- /GL /D _MBCS /Gm- /EHsc /MD /GS /Gy /fp:precise /Zc:wchar_t /Zc:forScope /Fo"Release\\" /Fd"Release\vc120.pdb" /Gd /TP /analyze- /errorReport:prompt ..\src\coordinate_systems_depth.cpp
         coordinate_systems_depth.cpp
     1>..\src\coordinate_systems_depth.cpp(372): warning C4244: '-=' : conversion from 'double' to 'float', possible loss of data
     1>..\src\coordinate_systems_depth.cpp(388): warning C4244: '=' : conversion from 'double' to 'float', possible loss of data
     1>..\src\coordinate_systems_depth.cpp(389): warning C4244: '=' : conversion from 'double' to 'float', possible loss of data
     1>..\src\coordinate_systems_depth.cpp(393): warning C4244: '=' : conversion from 'double' to 'float', possible loss of data
     1>..\src\coordinate_systems_depth.cpp(394): warning C4244: '=' : conversion from 'double' to 'float', possible loss of data
     1>..\src\coordinate_systems_depth.cpp(395): warning C4244: '=' : conversion from 'double' to 'float', possible loss of data
     1>..\src\coordinate_systems_depth.cpp(396): warning C4244: '=' : conversion from 'double' to 'float', possible loss of data
         C:\Program Files (x86)\Microsoft Visual Studio 12.0\VC\bin\CL.exe /c /Zi /nologo /W3 /WX- /sdl /O2 /Oi /Oy- /GL /D _MBCS /Gm- /EHsc /MD /GS /Gy /fp:precise /Zc:wchar_t /Zc:forScope /Fo"Release\\" /Fd"Release\vc120.pdb" /Gd /TC /analyze- /errorReport:prompt ..\src\glad.c
         glad.c
       Link:
         C:\Program Files (x86)\Microsoft Visual Studio 12.0\VC\bin\link.exe /ERRORREPORT:PROMPT /OUT:"C:\01_OpenGL\vs2013_project\Project2\Release\Project2.exe" /NOLOGO opengl32.lib glfw3.lib kernel32.lib user32.lib gdi32.lib winspool.lib comdlg32.lib advapi32.lib shell32.lib ole32.lib oleaut32.lib uuid.lib odbc32.lib odbccp32.lib /MANIFEST /MANIFESTUAC:"level='asInvoker' uiAccess='false'" /manifest:embed /DEBUG /PDB:"C:\01_OpenGL\vs2013_project\Project2\Release\Project2.pdb" /OPT:REF /OPT:ICF /LTCG /TLBID:1 /DYNAMICBASE /NXCOMPAT /IMPLIB:"C:\01_OpenGL\vs2013_project\Project2\Release\Project2.lib" /MACHINE:X86 /SAFESEH Release\coordinate_systems_depth.obj
         Release\glad.obj
     1>LINK : warning LNK4098: defaultlib 'MSVCRTD' conflicts with use of other libs; use /NODEFAULTLIB:library
         Generating code
         Finished generating code
     1>glfw3.lib(context.obj) : warning LNK4099: PDB 'vc120.pdb' was not found with 'glfw3.lib(context.obj)' or at 'C:\01_OpenGL\vs2013_project\Project2\Release\vc120.pdb'; linking object as if no debug info
     1>glfw3.lib(init.obj) : warning LNK4099: PDB 'vc120.pdb' was not found with 'glfw3.lib(init.obj)' or at 'C:\01_OpenGL\vs2013_project\Project2\Release\vc120.pdb'; linking object as if no debug info
     1>glfw3.lib(input.obj) : warning LNK4099: PDB 'vc120.pdb' was not found with 'glfw3.lib(input.obj)' or at 'C:\01_OpenGL\vs2013_project\Project2\Release\vc120.pdb'; linking object as if no debug info
     1>glfw3.lib(monitor.obj) : warning LNK4099: PDB 'vc120.pdb' was not found with 'glfw3.lib(monitor.obj)' or at 'C:\01_OpenGL\vs2013_project\Project2\Release\vc120.pdb'; linking object as if no debug info
     1>glfw3.lib(vulkan.obj) : warning LNK4099: PDB 'vc120.pdb' was not found with 'glfw3.lib(vulkan.obj)' or at 'C:\01_OpenGL\vs2013_project\Project2\Release\vc120.pdb'; linking object as if no debug info
     1>glfw3.lib(window.obj) : warning LNK4099: PDB 'vc120.pdb' was not found with 'glfw3.lib(window.obj)' or at 'C:\01_OpenGL\vs2013_project\Project2\Release\vc120.pdb'; linking object as if no debug info
     1>glfw3.lib(win32_init.obj) : warning LNK4099: PDB 'vc120.pdb' was not found with 'glfw3.lib(win32_init.obj)' or at 'C:\01_OpenGL\vs2013_project\Project2\Release\vc120.pdb'; linking object as if no debug info
     1>glfw3.lib(win32_joystick.obj) : warning LNK4099: PDB 'vc120.pdb' was not found with 'glfw3.lib(win32_joystick.obj)' or at 'C:\01_OpenGL\vs2013_project\Project2\Release\vc120.pdb'; linking object as if no debug info
     1>glfw3.lib(win32_monitor.obj) : warning LNK4099: PDB 'vc120.pdb' was not found with 'glfw3.lib(win32_monitor.obj)' or at 'C:\01_OpenGL\vs2013_project\Project2\Release\vc120.pdb'; linking object as if no debug info
     1>glfw3.lib(win32_time.obj) : warning LNK4099: PDB 'vc120.pdb' was not found with 'glfw3.lib(win32_time.obj)' or at 'C:\01_OpenGL\vs2013_project\Project2\Release\vc120.pdb'; linking object as if no debug info
     1>glfw3.lib(win32_tls.obj) : warning LNK4099: PDB 'vc120.pdb' was not found with 'glfw3.lib(win32_tls.obj)' or at 'C:\01_OpenGL\vs2013_project\Project2\Release\vc120.pdb'; linking object as if no debug info
     1>glfw3.lib(win32_window.obj) : warning LNK4099: PDB 'vc120.pdb' was not found with 'glfw3.lib(win32_window.obj)' or at 'C:\01_OpenGL\vs2013_project\Project2\Release\vc120.pdb'; linking object as if no debug info
     1>glfw3.lib(wgl_context.obj) : warning LNK4099: PDB 'vc120.pdb' was not found with 'glfw3.lib(wgl_context.obj)' or at 'C:\01_OpenGL\vs2013_project\Project2\Release\vc120.pdb'; linking object as if no debug info
     1>glfw3.lib(egl_context.obj) : warning LNK4099: PDB 'vc120.pdb' was not found with 'glfw3.lib(egl_context.obj)' or at 'C:\01_OpenGL\vs2013_project\Project2\Release\vc120.pdb'; linking object as if no debug info
         Project2.vcxproj -> C:\01_OpenGL\vs2013_project\Project2\Release\Project2.exe
     1>Done Building Project "C:\01_OpenGL\vs2013_project\Project2\Project2\Project2.vcxproj" (Rebuild target(s)).

Build succeeded.

Time Elapsed 00:00:04.49
